<?xml version="1.0" encoding="UTF-8"?>
<!-- Generated by org.testng.reporters.JUnitXMLReporter -->
<testsuite hostname="DESKTOP-5V9BS6T" ignored="6" name="AmountBoxVerify" tests="4" failures="0" timestamp="2021-11-19T01:09:37 BDT" time="58.343" errors="0">
  <testcase name="buyFieldVerify" time="8.165" classname="com.paysera.testcases.AmountBoxVerify"/>
  <testcase name="sellFieldVerify" time="8.146" classname="com.paysera.testcases.AmountBoxVerify"/>
  <testcase name="changeCountry" time="24.284" classname="com.paysera.testcases.RateUpdated"/>
  <testcase name="seeLossValue" time="17.712" classname="com.paysera.testcases.RepresentingLoss"/>
  <testcase name="@AfterSuite tearDown" time="0.0" classname="com.paysera.base.TestBase">
    <ignored/>
  </testcase> <!-- @AfterSuite tearDown -->
  <testcase name="@AfterSuite tearDown" time="0.0" classname="com.paysera.base.TestBase">
    <ignored/>
  </testcase> <!-- @AfterSuite tearDown -->
  <testcase name="@AfterSuite tearDown" time="0.0" classname="com.paysera.base.TestBase">
    <ignored/>
  </testcase> <!-- @AfterSuite tearDown -->
  <testcase name="@BeforeSuite setUp" time="0.0" classname="com.paysera.base.TestBase">
    <ignored/>
  </testcase> <!-- @BeforeSuite setUp -->
  <testcase name="@BeforeSuite setUp" time="0.0" classname="com.paysera.base.TestBase">
    <ignored/>
  </testcase> <!-- @BeforeSuite setUp -->
  <testcase name="@BeforeSuite setUp" time="0.0" classname="com.paysera.base.TestBase">
    <ignored/>
  </testcase> <!-- @BeforeSuite setUp -->
</testsuite> <!-- AmountBoxVerify -->
